<?xml version="1.0" encoding="UTF-8"?>
<testsuite name="uk.co.huntersix.spring.rest.controller.SmokeTest" tests="1" skipped="0" failures="0" errors="0" timestamp="2023-06-01T18:32:31" hostname="DESKTOP-M0ES806" time="0.001">
  <properties/>
  <testcase name="contexLoads" classname="uk.co.huntersix.spring.rest.controller.SmokeTest" time="0.001"/>
  <system-out><![CDATA[2023-06-01 19:32:31.422  INFO 17888 --- [    Test worker] .b.t.c.SpringBootTestContextBootstrapper : Neither @ContextConfiguration nor @ContextHierarchy found for test class [uk.co.huntersix.spring.rest.controller.SmokeTest], using SpringBootContextLoader
2023-06-01 19:32:31.422  INFO 17888 --- [    Test worker] o.s.t.c.support.AbstractContextLoader    : Could not detect default resource locations for test class [uk.co.huntersix.spring.rest.controller.SmokeTest]: no resource found for suffixes {-context.xml, Context.groovy}.
2023-06-01 19:32:31.422  INFO 17888 --- [    Test worker] t.c.s.AnnotationConfigContextLoaderUtils : Could not detect default configuration classes for test class [uk.co.huntersix.spring.rest.controller.SmokeTest]: SmokeTest does not declare any static, non-private, non-final, nested classes annotated with @Configuration.
2023-06-01 19:32:31.423  INFO 17888 --- [    Test worker] .b.t.c.SpringBootTestContextBootstrapper : Found @SpringBootConfiguration uk.co.huntersix.spring.rest.Application for test class uk.co.huntersix.spring.rest.controller.SmokeTest
2023-06-01 19:32:31.424  INFO 17888 --- [    Test worker] .b.t.c.SpringBootTestContextBootstrapper : Loaded default TestExecutionListener class names from location [META-INF/spring.factories]: [org.springframework.boot.test.autoconfigure.restdocs.RestDocsTestExecutionListener, org.springframework.boot.test.autoconfigure.web.client.MockRestServiceServerResetTestExecutionListener, org.springframework.boot.test.autoconfigure.web.servlet.MockMvcPrintOnlyOnFailureTestExecutionListener, org.springframework.boot.test.autoconfigure.web.servlet.WebDriverTestExecutionListener, org.springframework.boot.test.mock.mockito.MockitoTestExecutionListener, org.springframework.boot.test.mock.mockito.ResetMocksTestExecutionListener, org.springframework.test.context.web.ServletTestExecutionListener, org.springframework.test.context.support.DirtiesContextBeforeModesTestExecutionListener, org.springframework.test.context.support.DependencyInjectionTestExecutionListener, org.springframework.test.context.support.DirtiesContextTestExecutionListener, org.springframework.test.context.transaction.TransactionalTestExecutionListener, org.springframework.test.context.jdbc.SqlScriptsTestExecutionListener]
2023-06-01 19:32:31.424  INFO 17888 --- [    Test worker] .b.t.c.SpringBootTestContextBootstrapper : Using TestExecutionListeners: [org.springframework.test.context.web.ServletTestExecutionListener@6db1ab0c, org.springframework.test.context.support.DirtiesContextBeforeModesTestExecutionListener@48f0deec, org.springframework.boot.test.mock.mockito.MockitoTestExecutionListener@65beb96d, org.springframework.boot.test.autoconfigure.SpringBootDependencyInjectionTestExecutionListener@20524508, org.springframework.test.context.support.DirtiesContextTestExecutionListener@40db63c5, org.springframework.boot.test.autoconfigure.restdocs.RestDocsTestExecutionListener@e12d28c, org.springframework.boot.test.autoconfigure.web.client.MockRestServiceServerResetTestExecutionListener@1e7767f2, org.springframework.boot.test.autoconfigure.web.servlet.MockMvcPrintOnlyOnFailureTestExecutionListener@2cbf0b31, org.springframework.boot.test.autoconfigure.web.servlet.WebDriverTestExecutionListener@37e18028, org.springframework.boot.test.mock.mockito.ResetMocksTestExecutionListener@2f7fa2ea]
]]></system-out>
  <system-err><![CDATA[]]></system-err>
</testsuite>
