<?xml version="1.0" encoding="UTF-8"?>
<testsuite name="uk.co.huntersix.spring.rest.ApplicationTest" tests="1" skipped="0" failures="0" errors="0" timestamp="2023-06-01T18:32:29" hostname="DESKTOP-M0ES806" time="0.125">
  <properties/>
  <testcase name="contextLoads" classname="uk.co.huntersix.spring.rest.ApplicationTest" time="0.125"/>
  <system-out><![CDATA[19:32:28.748 [Test worker] DEBUG org.springframework.test.context.junit4.SpringJUnit4ClassRunner - SpringJUnit4ClassRunner constructor called with [class uk.co.huntersix.spring.rest.ApplicationTest]
19:32:28.753 [Test worker] DEBUG org.springframework.test.context.BootstrapUtils - Instantiating CacheAwareContextLoaderDelegate from class [org.springframework.test.context.cache.DefaultCacheAwareContextLoaderDelegate]
19:32:28.759 [Test worker] DEBUG org.springframework.test.context.BootstrapUtils - Instantiating BootstrapContext using constructor [public org.springframework.test.context.support.DefaultBootstrapContext(java.lang.Class,org.springframework.test.context.CacheAwareContextLoaderDelegate)]
19:32:28.769 [Test worker] DEBUG org.springframework.test.context.BootstrapUtils - Instantiating TestContextBootstrapper for test class [uk.co.huntersix.spring.rest.ApplicationTest] from class [org.springframework.boot.test.context.SpringBootTestContextBootstrapper]
19:32:28.777 [Test worker] INFO org.springframework.boot.test.context.SpringBootTestContextBootstrapper - Neither @ContextConfiguration nor @ContextHierarchy found for test class [uk.co.huntersix.spring.rest.ApplicationTest], using SpringBootContextLoader
19:32:28.779 [Test worker] DEBUG org.springframework.test.context.support.AbstractContextLoader - Did not detect default resource location for test class [uk.co.huntersix.spring.rest.ApplicationTest]: class path resource [uk/co/huntersix/spring/rest/ApplicationTest-context.xml] does not exist
19:32:28.779 [Test worker] DEBUG org.springframework.test.context.support.AbstractContextLoader - Did not detect default resource location for test class [uk.co.huntersix.spring.rest.ApplicationTest]: class path resource [uk/co/huntersix/spring/rest/ApplicationTestContext.groovy] does not exist
19:32:28.779 [Test worker] INFO org.springframework.test.context.support.AbstractContextLoader - Could not detect default resource locations for test class [uk.co.huntersix.spring.rest.ApplicationTest]: no resource found for suffixes {-context.xml, Context.groovy}.
19:32:28.780 [Test worker] INFO org.springframework.test.context.support.AnnotationConfigContextLoaderUtils - Could not detect default configuration classes for test class [uk.co.huntersix.spring.rest.ApplicationTest]: ApplicationTest does not declare any static, non-private, non-final, nested classes annotated with @Configuration.
19:32:28.804 [Test worker] DEBUG org.springframework.test.context.support.ActiveProfilesUtils - Could not find an 'annotation declaring class' for annotation type [org.springframework.test.context.ActiveProfiles] and class [uk.co.huntersix.spring.rest.ApplicationTest]
19:32:28.848 [Test worker] DEBUG org.springframework.context.annotation.ClassPathScanningCandidateComponentProvider - Identified candidate component class: file [C:\Users\primi\OneDrive\Documents\GitHub\java-spring-restful-api-test\build\classes\java\main\uk\co\huntersix\spring\rest\Application.class]
19:32:28.849 [Test worker] INFO org.springframework.boot.test.context.SpringBootTestContextBootstrapper - Found @SpringBootConfiguration uk.co.huntersix.spring.rest.Application for test class uk.co.huntersix.spring.rest.ApplicationTest
19:32:28.908 [Test worker] DEBUG org.springframework.boot.test.context.SpringBootTestContextBootstrapper - @TestExecutionListeners is not present for class [uk.co.huntersix.spring.rest.ApplicationTest]: using defaults.
19:32:28.908 [Test worker] INFO org.springframework.boot.test.context.SpringBootTestContextBootstrapper - Loaded default TestExecutionListener class names from location [META-INF/spring.factories]: [org.springframework.boot.test.autoconfigure.restdocs.RestDocsTestExecutionListener, org.springframework.boot.test.autoconfigure.web.client.MockRestServiceServerResetTestExecutionListener, org.springframework.boot.test.autoconfigure.web.servlet.MockMvcPrintOnlyOnFailureTestExecutionListener, org.springframework.boot.test.autoconfigure.web.servlet.WebDriverTestExecutionListener, org.springframework.boot.test.mock.mockito.MockitoTestExecutionListener, org.springframework.boot.test.mock.mockito.ResetMocksTestExecutionListener, org.springframework.test.context.web.ServletTestExecutionListener, org.springframework.test.context.support.DirtiesContextBeforeModesTestExecutionListener, org.springframework.test.context.support.DependencyInjectionTestExecutionListener, org.springframework.test.context.support.DirtiesContextTestExecutionListener, org.springframework.test.context.transaction.TransactionalTestExecutionListener, org.springframework.test.context.jdbc.SqlScriptsTestExecutionListener]
19:32:28.915 [Test worker] DEBUG org.springframework.boot.test.context.SpringBootTestContextBootstrapper - Skipping candidate TestExecutionListener [org.springframework.test.context.transaction.TransactionalTestExecutionListener] due to a missing dependency. Specify custom listener classes or make the default listener classes and their required dependencies available. Offending class: [org/springframework/transaction/TransactionDefinition]
19:32:28.916 [Test worker] DEBUG org.springframework.boot.test.context.SpringBootTestContextBootstrapper - Skipping candidate TestExecutionListener [org.springframework.test.context.jdbc.SqlScriptsTestExecutionListener] due to a missing dependency. Specify custom listener classes or make the default listener classes and their required dependencies available. Offending class: [org/springframework/transaction/interceptor/TransactionAttribute]
19:32:28.916 [Test worker] INFO org.springframework.boot.test.context.SpringBootTestContextBootstrapper - Using TestExecutionListeners: [org.springframework.test.context.web.ServletTestExecutionListener@2d6d193d, org.springframework.test.context.support.DirtiesContextBeforeModesTestExecutionListener@7d321d4d, org.springframework.boot.test.mock.mockito.MockitoTestExecutionListener@58831a03, org.springframework.boot.test.autoconfigure.SpringBootDependencyInjectionTestExecutionListener@1a7ad713, org.springframework.test.context.support.DirtiesContextTestExecutionListener@5f9b8190, org.springframework.boot.test.autoconfigure.restdocs.RestDocsTestExecutionListener@32ae275b, org.springframework.boot.test.autoconfigure.web.client.MockRestServiceServerResetTestExecutionListener@723d600f, org.springframework.boot.test.autoconfigure.web.servlet.MockMvcPrintOnlyOnFailureTestExecutionListener@3e33e314, org.springframework.boot.test.autoconfigure.web.servlet.WebDriverTestExecutionListener@3d276243, org.springframework.boot.test.mock.mockito.ResetMocksTestExecutionListener@7e700e43]
19:32:28.917 [Test worker] DEBUG org.springframework.test.annotation.ProfileValueUtils - Retrieved @ProfileValueSourceConfiguration [null] for test class [uk.co.huntersix.spring.rest.ApplicationTest]
19:32:28.918 [Test worker] DEBUG org.springframework.test.annotation.ProfileValueUtils - Retrieved ProfileValueSource type [class org.springframework.test.annotation.SystemProfileValueSource] for class [uk.co.huntersix.spring.rest.ApplicationTest]
19:32:28.918 [Test worker] DEBUG org.springframework.test.annotation.ProfileValueUtils - Retrieved @ProfileValueSourceConfiguration [null] for test class [uk.co.huntersix.spring.rest.ApplicationTest]
19:32:28.918 [Test worker] DEBUG org.springframework.test.annotation.ProfileValueUtils - Retrieved ProfileValueSource type [class org.springframework.test.annotation.SystemProfileValueSource] for class [uk.co.huntersix.spring.rest.ApplicationTest]
19:32:28.921 [Test worker] DEBUG org.springframework.test.context.support.AbstractDirtiesContextTestExecutionListener - Before test class: context [DefaultTestContext@44a5e3 testClass = ApplicationTest, testInstance = [null], testMethod = [null], testException = [null], mergedContextConfiguration = [WebMergedContextConfiguration@ec2ee8a testClass = ApplicationTest, locations = '{}', classes = '{class uk.co.huntersix.spring.rest.Application}', contextInitializerClasses = '[]', activeProfiles = '{}', propertySourceLocations = '{}', propertySourceProperties = '{org.springframework.boot.test.context.SpringBootTestContextBootstrapper=true}', contextCustomizers = set[org.springframework.boot.test.autoconfigure.properties.PropertyMappingContextCustomizer@0, org.springframework.boot.test.autoconfigure.web.servlet.WebDriverContextCustomizerFactory$Customizer@b6f5e38, org.springframework.boot.test.context.filter.ExcludeFilterContextCustomizer@66be2b2e, org.springframework.boot.test.json.DuplicateJsonObjectContextCustomizerFactory$DuplicateJsonObjectContextCustomizer@46925f08, org.springframework.boot.test.mock.mockito.MockitoContextCustomizer@0, org.springframework.boot.test.web.client.TestRestTemplateContextCustomizer@375e6e4e], resourceBasePath = 'src/main/webapp', contextLoader = 'org.springframework.boot.test.context.SpringBootContextLoader', parent = [null]], attributes = map['org.springframework.test.context.web.ServletTestExecutionListener.activateListener' -> true]], class annotated with @DirtiesContext [false] with mode [null].
19:32:28.921 [Test worker] DEBUG org.springframework.test.annotation.ProfileValueUtils - Retrieved @ProfileValueSourceConfiguration [null] for test class [uk.co.huntersix.spring.rest.ApplicationTest]
19:32:28.921 [Test worker] DEBUG org.springframework.test.annotation.ProfileValueUtils - Retrieved ProfileValueSource type [class org.springframework.test.annotation.SystemProfileValueSource] for class [uk.co.huntersix.spring.rest.ApplicationTest]
19:32:28.933 [Test worker] DEBUG org.springframework.test.context.support.TestPropertySourceUtils - Adding inlined properties to environment: {spring.jmx.enabled=false, org.springframework.boot.test.context.SpringBootTestContextBootstrapper=true, server.port=-1}

  .   ____          _            __ _ _
 /\\ / ___'_ __ _ _(_)_ __  __ _ \ \ \ \
( ( )\___ | '_ | '_| | '_ \/ _` | \ \ \ \
 \\/  ___)| |_)| | | | | || (_| |  ) ) ) )
  '  |____| .__|_| |_|_| |_\__, | / / / /
 =========|_|==============|___/=/_/_/_/
 :: Spring Boot ::        (v2.1.6.RELEASE)

2023-06-01 19:32:29.060  INFO 17888 --- [    Test worker] u.c.h.spring.rest.ApplicationTest        : Starting ApplicationTest on DESKTOP-M0ES806 with PID 17888 (started by primi in C:\Users\primi\OneDrive\Documents\GitHub\java-spring-restful-api-test)
2023-06-01 19:32:29.061  INFO 17888 --- [    Test worker] u.c.h.spring.rest.ApplicationTest        : No active profile set, falling back to default profiles: default
2023-06-01 19:32:29.817  INFO 17888 --- [    Test worker] o.s.s.concurrent.ThreadPoolTaskExecutor  : Initializing ExecutorService 'applicationTaskExecutor'
2023-06-01 19:32:29.983  INFO 17888 --- [    Test worker] u.c.h.spring.rest.ApplicationTest        : Started ApplicationTest in 1.045 seconds (JVM running for 1.625)
]]></system-out>
  <system-err><![CDATA[]]></system-err>
</testsuite>
