<?xml version="1.0" encoding="UTF-8"?>
<testsuite name="uk.co.huntersix.spring.rest.controller.PersonControllerTest" tests="7" skipped="0" failures="0" errors="0" timestamp="2023-06-01T18:32:31" hostname="DESKTOP-M0ES806" time="0.127">
  <properties/>
  <testcase name="shouldReturnPersonListWhenMultiplePeopleMatchSurname" classname="uk.co.huntersix.spring.rest.controller.PersonControllerTest" time="0.068"/>
  <testcase name="shouldNotAddExistingPerson" classname="uk.co.huntersix.spring.rest.controller.PersonControllerTest" time="0.039"/>
  <testcase name="shouldNotReturnPersonFromService" classname="uk.co.huntersix.spring.rest.controller.PersonControllerTest" time="0.003"/>
  <testcase name="shouldReturnNotFoundWhenNoPersonMatchSurname" classname="uk.co.huntersix.spring.rest.controller.PersonControllerTest" time="0.002"/>
  <testcase name="shouldReturnPersonFromService" classname="uk.co.huntersix.spring.rest.controller.PersonControllerTest" time="0.006"/>
  <testcase name="shouldAddNewPerson" classname="uk.co.huntersix.spring.rest.controller.PersonControllerTest" time="0.004"/>
  <testcase name="shouldReturnPersonListWhenOnePersonMatchSurname" classname="uk.co.huntersix.spring.rest.controller.PersonControllerTest" time="0.002"/>
  <system-out><![CDATA[2023-06-01 19:32:30.858  INFO 17888 --- [    Test worker] .b.t.a.w.s.WebMvcTestContextBootstrapper : Neither @ContextConfiguration nor @ContextHierarchy found for test class [uk.co.huntersix.spring.rest.controller.PersonControllerTest], using SpringBootContextLoader
2023-06-01 19:32:30.858  INFO 17888 --- [    Test worker] o.s.t.c.support.AbstractContextLoader    : Could not detect default resource locations for test class [uk.co.huntersix.spring.rest.controller.PersonControllerTest]: no resource found for suffixes {-context.xml, Context.groovy}.
2023-06-01 19:32:30.858  INFO 17888 --- [    Test worker] t.c.s.AnnotationConfigContextLoaderUtils : Could not detect default configuration classes for test class [uk.co.huntersix.spring.rest.controller.PersonControllerTest]: PersonControllerTest does not declare any static, non-private, non-final, nested classes annotated with @Configuration.
2023-06-01 19:32:30.869  INFO 17888 --- [    Test worker] .b.t.c.SpringBootTestContextBootstrapper : Found @SpringBootConfiguration uk.co.huntersix.spring.rest.Application for test class uk.co.huntersix.spring.rest.controller.PersonControllerTest
2023-06-01 19:32:30.869  INFO 17888 --- [    Test worker] .b.t.a.w.s.WebMvcTestContextBootstrapper : Loaded default TestExecutionListener class names from location [META-INF/spring.factories]: [org.springframework.boot.test.autoconfigure.restdocs.RestDocsTestExecutionListener, org.springframework.boot.test.autoconfigure.web.client.MockRestServiceServerResetTestExecutionListener, org.springframework.boot.test.autoconfigure.web.servlet.MockMvcPrintOnlyOnFailureTestExecutionListener, org.springframework.boot.test.autoconfigure.web.servlet.WebDriverTestExecutionListener, org.springframework.boot.test.mock.mockito.MockitoTestExecutionListener, org.springframework.boot.test.mock.mockito.ResetMocksTestExecutionListener, org.springframework.test.context.web.ServletTestExecutionListener, org.springframework.test.context.support.DirtiesContextBeforeModesTestExecutionListener, org.springframework.test.context.support.DependencyInjectionTestExecutionListener, org.springframework.test.context.support.DirtiesContextTestExecutionListener, org.springframework.test.context.transaction.TransactionalTestExecutionListener, org.springframework.test.context.jdbc.SqlScriptsTestExecutionListener]
2023-06-01 19:32:30.870  INFO 17888 --- [    Test worker] .b.t.a.w.s.WebMvcTestContextBootstrapper : Using TestExecutionListeners: [org.springframework.test.context.web.ServletTestExecutionListener@16734876, org.springframework.test.context.support.DirtiesContextBeforeModesTestExecutionListener@41ecc002, org.springframework.boot.test.mock.mockito.MockitoTestExecutionListener@7df55649, org.springframework.boot.test.autoconfigure.SpringBootDependencyInjectionTestExecutionListener@7d010e54, org.springframework.test.context.support.DirtiesContextTestExecutionListener@71bdc97a, org.springframework.boot.test.autoconfigure.restdocs.RestDocsTestExecutionListener@5676eb9f, org.springframework.boot.test.autoconfigure.web.client.MockRestServiceServerResetTestExecutionListener@1e6a806, org.springframework.boot.test.autoconfigure.web.servlet.MockMvcPrintOnlyOnFailureTestExecutionListener@74e075c0, org.springframework.boot.test.autoconfigure.web.servlet.WebDriverTestExecutionListener@6b09943f, org.springframework.boot.test.mock.mockito.ResetMocksTestExecutionListener@a42a0d2]

  .   ____          _            __ _ _
 /\\ / ___'_ __ _ _(_)_ __  __ _ \ \ \ \
( ( )\___ | '_ | '_| | '_ \/ _` | \ \ \ \
 \\/  ___)| |_)| | | | | || (_| |  ) ) ) )
  '  |____| .__|_| |_|_| |_\__, | / / / /
 =========|_|==============|___/=/_/_/_/
 :: Spring Boot ::        (v2.1.6.RELEASE)

2023-06-01 19:32:30.883  INFO 17888 --- [    Test worker] u.c.h.s.r.c.PersonControllerTest         : Starting PersonControllerTest on DESKTOP-M0ES806 with PID 17888 (started by primi in C:\Users\primi\OneDrive\Documents\GitHub\java-spring-restful-api-test)
2023-06-01 19:32:30.883  INFO 17888 --- [    Test worker] u.c.h.s.r.c.PersonControllerTest         : No active profile set, falling back to default profiles: default
2023-06-01 19:32:31.210  INFO 17888 --- [    Test worker] o.s.s.concurrent.ThreadPoolTaskExecutor  : Initializing ExecutorService 'applicationTaskExecutor'
2023-06-01 19:32:31.280  INFO 17888 --- [    Test worker] o.s.b.t.m.w.SpringBootMockServletContext : Initializing Spring TestDispatcherServlet ''
2023-06-01 19:32:31.280  INFO 17888 --- [    Test worker] o.s.t.web.servlet.TestDispatcherServlet  : Initializing Servlet ''
2023-06-01 19:32:31.281  INFO 17888 --- [    Test worker] o.s.t.web.servlet.TestDispatcherServlet  : Completed initialization in 1 ms
2023-06-01 19:32:31.291  INFO 17888 --- [    Test worker] u.c.h.s.r.c.PersonControllerTest         : Started PersonControllerTest in 0.42 seconds (JVM running for 2.933)

MockHttpServletRequest:
      HTTP Method = GET
      Request URI = /person/smith/mary
       Parameters = {}
          Headers = []
             Body = <no character encoding set>
    Session Attrs = {}

Handler:
             Type = uk.co.huntersix.spring.rest.controller.PersonController
           Method = public org.springframework.http.ResponseEntity<uk.co.huntersix.spring.rest.model.Person> uk.co.huntersix.spring.rest.controller.PersonController.person(java.lang.String,java.lang.String)

Async:
    Async started = false
     Async result = null

Resolved Exception:
             Type = null

ModelAndView:
        View name = null
             View = null
            Model = null

FlashMap:
       Attributes = null

MockHttpServletResponse:
           Status = 200
    Error message = null
          Headers = [Content-Type:"application/json;charset=UTF-8"]
     Content type = application/json;charset=UTF-8
             Body = {"id":25,"firstName":"Mary","lastName":"Smith"}
    Forwarded URL = null
   Redirected URL = null
          Cookies = []
]]></system-out>
  <system-err><![CDATA[]]></system-err>
</testsuite>
